<?xml version="1.0" encoding="UTF-8"?>
<TestRun id="fab0c296-c0a2-49b5-bba1-90d7edd079c5" name="NL07821@NLCKCBX3J 2011-04-12 14:15:17" runUser="EUROPE\NL07821" xmlns="http://microsoft.com/schemas/VisualStudio/TeamTest/2010">
  <TestSettings name="Local" id="c3caac8b-d538-4b41-b78d-16692feb5f6d">
    <Description>These are default test settings for a local test run.</Description>
    <Deployment enabled="false" runDeploymentRoot="NL07821_NLCKCBX3J 2011-04-12 14_15_17">
      <DeploymentItem filename="C:\ReferenceMaterial\06 Programming Projects\DojoTimer\ContinuousClientIntegration.Business\bin\Debug\ContinuousClientIntegration.Business.dll" />
    </Deployment>
    <Execution>
      <TestTypeSpecific />
      <AgentRule name="Execution Agents">
      </AgentRule>
    </Execution>
  </TestSettings>
  <Times creation="2011-04-12T14:15:17.9182809+02:00" queuing="2011-04-12T14:15:20.8532617+02:00" start="2011-04-12T14:15:21.0249893+02:00" finish="2011-04-12T14:15:21.9148505+02:00" />
  <ResultSummary outcome="Completed">
    <Counters total="4" executed="4" passed="4" error="0" failed="0" timeout="0" aborted="0" inconclusive="0" passedButRunAborted="0" notRunnable="0" notExecuted="0" disconnected="0" warning="0" completed="0" inProgress="0" pending="0" />
  </ResultSummary>
  <TestDefinitions>
    <UnitTest name="CreateWithEmptySettings" storage="c:\referencematerial\06 programming projects\dojotimer\continousclientintegration.business.tests\bin\debug\continuousclientintegration.business.tests.dll" id="b0579bcd-6895-8f95-d9b5-b0684ecea411">
      <Execution id="80bda0fc-b647-46ef-8e77-e5b1ef7fe9ea" />
      <TestMethod codeBase="C:/ReferenceMaterial/06 Programming Projects/DojoTimer/ContinousClientIntegration.Business.Tests/bin/Debug/ContinuousClientIntegration.Business.Tests.DLL" adapterTypeName="Microsoft.VisualStudio.TestTools.TestTypes.Unit.UnitTestAdapter, Microsoft.VisualStudio.QualityTools.Tips.UnitTest.Adapter, Version=10.0.0.0, Culture=neutral, PublicKeyToken=b03f5f7f11d50a3a" className="ContinuousClientIntegration.Business.Tests.ContinuousIntegrationClientProcessTests, ContinuousClientIntegration.Business.Tests, Version=1.0.0.0, Culture=neutral, PublicKeyToken=null" name="CreateWithEmptySettings" />
    </UnitTest>
    <UnitTest name="CleanUp" storage="c:\referencematerial\06 programming projects\dojotimer\continousclientintegration.business.tests\bin\debug\continuousclientintegration.business.tests.dll" id="b0f347e3-bf6d-a929-f17d-ceec533c4f60">
      <Execution id="efc93697-7ce9-4359-9065-be22e545a4f9" />
      <TestMethod codeBase="C:/ReferenceMaterial/06 Programming Projects/DojoTimer/ContinousClientIntegration.Business.Tests/bin/Debug/ContinuousClientIntegration.Business.Tests.DLL" adapterTypeName="Microsoft.VisualStudio.TestTools.TestTypes.Unit.UnitTestAdapter, Microsoft.VisualStudio.QualityTools.Tips.UnitTest.Adapter, Version=10.0.0.0, Culture=neutral, PublicKeyToken=b03f5f7f11d50a3a" className="ContinuousClientIntegration.Business.Tests.ContinuousIntegrationClientProcessTests, ContinuousClientIntegration.Business.Tests, Version=1.0.0.0, Culture=neutral, PublicKeyToken=null" name="CleanUp" />
    </UnitTest>
    <UnitTest name="NoCleanUp" storage="c:\referencematerial\06 programming projects\dojotimer\continousclientintegration.business.tests\bin\debug\continuousclientintegration.business.tests.dll" id="0d08e916-3410-49f7-3d25-7f0d682d9ec0">
      <Execution id="0d1dc5b8-86d4-467d-94b3-e3e929f2f772" />
      <TestMethod codeBase="C:/ReferenceMaterial/06 Programming Projects/DojoTimer/ContinousClientIntegration.Business.Tests/bin/Debug/ContinuousClientIntegration.Business.Tests.DLL" adapterTypeName="Microsoft.VisualStudio.TestTools.TestTypes.Unit.UnitTestAdapter, Microsoft.VisualStudio.QualityTools.Tips.UnitTest.Adapter, Version=10.0.0.0, Culture=neutral, PublicKeyToken=b03f5f7f11d50a3a" className="ContinuousClientIntegration.Business.Tests.ContinuousIntegrationClientProcessTests, ContinuousClientIntegration.Business.Tests, Version=1.0.0.0, Culture=neutral, PublicKeyToken=null" name="NoCleanUp" />
    </UnitTest>
    <UnitTest name="CreateNewSubdirName_ValidDate_" storage="c:\referencematerial\06 programming projects\dojotimer\continousclientintegration.business.tests\bin\debug\continuousclientintegration.business.tests.dll" id="811c387b-2824-7c98-5e12-9046fb7e7555">
      <Execution id="c04d51d4-ade7-457b-91d4-be9d084a75c0" />
      <TestMethod codeBase="C:/ReferenceMaterial/06 Programming Projects/DojoTimer/ContinousClientIntegration.Business.Tests/bin/Debug/ContinuousClientIntegration.Business.Tests.DLL" adapterTypeName="Microsoft.VisualStudio.TestTools.TestTypes.Unit.UnitTestAdapter, Microsoft.VisualStudio.QualityTools.Tips.UnitTest.Adapter, Version=10.0.0.0, Culture=neutral, PublicKeyToken=b03f5f7f11d50a3a" className="ContinuousClientIntegration.Business.Tests.ContinuousIntegrationClientProcessTests, ContinuousClientIntegration.Business.Tests, Version=1.0.0.0, Culture=neutral, PublicKeyToken=null" name="CreateNewSubdirName_ValidDate_" />
    </UnitTest>
  </TestDefinitions>
  <TestLists>
    <TestList name="Results Not in a List" id="8c84fa94-04c1-424b-9868-57a2d4851a1d" />
    <TestList name="All Loaded Results" id="19431567-8539-422a-85d7-44ee4e166bda" />
  </TestLists>
  <TestEntries>
    <TestEntry testId="0d08e916-3410-49f7-3d25-7f0d682d9ec0" executionId="0d1dc5b8-86d4-467d-94b3-e3e929f2f772" testListId="8c84fa94-04c1-424b-9868-57a2d4851a1d" />
    <TestEntry testId="811c387b-2824-7c98-5e12-9046fb7e7555" executionId="c04d51d4-ade7-457b-91d4-be9d084a75c0" testListId="8c84fa94-04c1-424b-9868-57a2d4851a1d" />
    <TestEntry testId="b0579bcd-6895-8f95-d9b5-b0684ecea411" executionId="80bda0fc-b647-46ef-8e77-e5b1ef7fe9ea" testListId="8c84fa94-04c1-424b-9868-57a2d4851a1d" />
    <TestEntry testId="b0f347e3-bf6d-a929-f17d-ceec533c4f60" executionId="efc93697-7ce9-4359-9065-be22e545a4f9" testListId="8c84fa94-04c1-424b-9868-57a2d4851a1d" />
  </TestEntries>
  <Results>
    <UnitTestResult executionId="0d1dc5b8-86d4-467d-94b3-e3e929f2f772" testId="0d08e916-3410-49f7-3d25-7f0d682d9ec0" testName="NoCleanUp" computerName="NLCKCBX3J" duration="00:00:00.0263874" startTime="2011-04-12T14:15:21.0562125+02:00" endTime="2011-04-12T14:15:21.7118997+02:00" testType="13cdc9d9-ddb5-4fa4-a97d-d965ccfc6d4b" outcome="Passed" testListId="8c84fa94-04c1-424b-9868-57a2d4851a1d" relativeResultsDirectory="0d1dc5b8-86d4-467d-94b3-e3e929f2f772">
    </UnitTestResult>
    <UnitTestResult executionId="c04d51d4-ade7-457b-91d4-be9d084a75c0" testId="811c387b-2824-7c98-5e12-9046fb7e7555" testName="CreateNewSubdirName_ValidDate_" computerName="NLCKCBX3J" duration="00:00:00.0004310" startTime="2011-04-12T14:15:21.7743461+02:00" endTime="2011-04-12T14:15:21.7899577+02:00" testType="13cdc9d9-ddb5-4fa4-a97d-d965ccfc6d4b" outcome="Passed" testListId="8c84fa94-04c1-424b-9868-57a2d4851a1d" relativeResultsDirectory="c04d51d4-ade7-457b-91d4-be9d084a75c0">
    </UnitTestResult>
    <UnitTestResult executionId="80bda0fc-b647-46ef-8e77-e5b1ef7fe9ea" testId="b0579bcd-6895-8f95-d9b5-b0684ecea411" testName="CreateWithEmptySettings" computerName="NLCKCBX3J" duration="00:00:00.0014621" startTime="2011-04-12T14:15:21.8055693+02:00" endTime="2011-04-12T14:15:21.8055693+02:00" testType="13cdc9d9-ddb5-4fa4-a97d-d965ccfc6d4b" outcome="Passed" testListId="8c84fa94-04c1-424b-9868-57a2d4851a1d" relativeResultsDirectory="80bda0fc-b647-46ef-8e77-e5b1ef7fe9ea">
    </UnitTestResult>
    <UnitTestResult executionId="efc93697-7ce9-4359-9065-be22e545a4f9" testId="b0f347e3-bf6d-a929-f17d-ceec533c4f60" testName="CleanUp" computerName="NLCKCBX3J" duration="00:00:00.0004989" startTime="2011-04-12T14:15:21.8524041+02:00" endTime="2011-04-12T14:15:21.8680157+02:00" testType="13cdc9d9-ddb5-4fa4-a97d-d965ccfc6d4b" outcome="Passed" testListId="8c84fa94-04c1-424b-9868-57a2d4851a1d" relativeResultsDirectory="efc93697-7ce9-4359-9065-be22e545a4f9">
    </UnitTestResult>
  </Results>
</TestRun>