<?xml version="1.0" encoding="UTF-8"?>
<TestRun id="19ce1810-5a76-4b09-8f8b-f2e9ea7caed1" name="NL07821@NLCKCBX3J 2011-02-24 19:59:19" runUser="EUROPE\NL07821" xmlns="http://microsoft.com/schemas/VisualStudio/TeamTest/2010">
  <TestSettings name="Local" id="c3caac8b-d538-4b41-b78d-16692feb5f6d">
    <Description>These are default test settings for a local test run.</Description>
    <Deployment enabled="false" runDeploymentRoot="NL07821_NLCKCBX3J 2011-02-24 19_59_19">
      <DeploymentItem filename="C:\ReferenceMaterial\06 Programming Projects\DojoTimer\ContinuousClientIntegration.Business\bin\Debug\ContinuousClientIntegration.Business.dll" />
    </Deployment>
    <Execution>
      <TestTypeSpecific />
      <AgentRule name="Execution Agents">
      </AgentRule>
    </Execution>
  </TestSettings>
  <Times creation="2011-02-24T19:59:19.4375000+01:00" queuing="2011-02-24T19:59:22.2343750+01:00" start="2011-02-24T19:59:22.4218750+01:00" finish="2011-02-24T19:59:33.0000000+01:00" />
  <ResultSummary outcome="Error">
    <Counters total="1" executed="1" error="0" failed="0" timeout="0" aborted="1" inconclusive="0" passedButRunAborted="0" notRunnable="0" notExecuted="0" disconnected="0" warning="0" passed="0" completed="0" inProgress="0" pending="0" />
    <RunInfos>
      <RunInfo computerName="NLCKCBX3J" outcome="Error" timestamp="2011-02-24T19:59:33.0000000+01:00">
        <Text>Test host process exited unexpectedly.</Text>
      </RunInfo>
    </RunInfos>
  </ResultSummary>
  <TestDefinitions>
    <UnitTest name="CreateStyleCopProcessStartInfo_AllSettingsValid_ValidResult" storage="c:\referencematerial\06 programming projects\dojotimer\continousclientintegration.business.tests\bin\debug\continuousclientintegration.business.tests.dll" id="fdfd04ab-30d4-27e9-b9d4-3b55bfc71c68">
      <Execution id="1b0d0f2f-ca08-40c0-92c4-c899f1f61945" />
      <TestMethod codeBase="C:/ReferenceMaterial/06 Programming Projects/DojoTimer/ContinousClientIntegration.Business.Tests/bin/Debug/ContinuousClientIntegration.Business.Tests.DLL" adapterTypeName="Microsoft.VisualStudio.TestTools.TestTypes.Unit.UnitTestAdapter, Microsoft.VisualStudio.QualityTools.Tips.UnitTest.Adapter, Version=10.0.0.0, Culture=neutral, PublicKeyToken=b03f5f7f11d50a3a" className="ContinuousClientIntegration.Business.Tests.ProcessStartInfoFactoryTests, ContinuousClientIntegration.Business.Tests, Version=1.0.0.0, Culture=neutral, PublicKeyToken=null" name="CreateStyleCopProcessStartInfo_AllSettingsValid_ValidResult" />
    </UnitTest>
  </TestDefinitions>
  <TestLists>
    <TestList name="Results Not in a List" id="8c84fa94-04c1-424b-9868-57a2d4851a1d" />
    <TestList name="All Loaded Results" id="19431567-8539-422a-85d7-44ee4e166bda" />
  </TestLists>
  <TestEntries>
    <TestEntry testId="fdfd04ab-30d4-27e9-b9d4-3b55bfc71c68" executionId="1b0d0f2f-ca08-40c0-92c4-c899f1f61945" testListId="8c84fa94-04c1-424b-9868-57a2d4851a1d" />
  </TestEntries>
  <Results>
    <UnitTestResult executionId="1b0d0f2f-ca08-40c0-92c4-c899f1f61945" testId="fdfd04ab-30d4-27e9-b9d4-3b55bfc71c68" testName="CreateStyleCopProcessStartInfo_AllSettingsValid_ValidResult" computerName="NLCKCBX3J" duration="00:00:10.4062500" startTime="2011-02-24T19:59:22.5937500+01:00" endTime="2011-02-24T19:59:33.0000000+01:00" testType="13cdc9d9-ddb5-4fa4-a97d-d965ccfc6d4b" outcome="Aborted" testListId="8c84fa94-04c1-424b-9868-57a2d4851a1d" relativeResultsDirectory="1b0d0f2f-ca08-40c0-92c4-c899f1f61945">
    </UnitTestResult>
  </Results>
</TestRun>