<?xml version="1.0" encoding="UTF-8"?>
<TestRun id="7510d4b1-0303-4d3d-ba6d-b809e0a433b1" name="NL07821@NLCKCBX3J 2011-04-12 14:32:28" runUser="EUROPE\NL07821" xmlns="http://microsoft.com/schemas/VisualStudio/TeamTest/2010">
  <TestSettings name="Local" id="c3caac8b-d538-4b41-b78d-16692feb5f6d">
    <Description>These are default test settings for a local test run.</Description>
    <Deployment enabled="false" runDeploymentRoot="NL07821_NLCKCBX3J 2011-04-12 14_32_28">
      <DeploymentItem filename="C:\ReferenceMaterial\06 Programming Projects\DojoTimer\ContinuousClientIntegration.Business\bin\Debug\ContinuousClientIntegration.Business.dll" />
    </Deployment>
    <Execution>
      <TestTypeSpecific />
      <AgentRule name="Execution Agents">
      </AgentRule>
    </Execution>
  </TestSettings>
  <Times creation="2011-04-12T14:32:28.8168560+02:00" queuing="2011-04-12T14:32:29.0823314+02:00" start="2011-04-12T14:32:29.0979476+02:00" finish="2011-04-12T14:32:29.5820498+02:00" />
  <ResultSummary outcome="Completed">
    <Counters total="1" executed="1" passed="1" error="0" failed="0" timeout="0" aborted="0" inconclusive="0" passedButRunAborted="0" notRunnable="0" notExecuted="0" disconnected="0" warning="0" completed="0" inProgress="0" pending="0" />
  </ResultSummary>
  <TestDefinitions>
    <UnitTest name="NoCleanUp" storage="c:\referencematerial\06 programming projects\dojotimer\continousclientintegration.business.tests\bin\debug\continuousclientintegration.business.tests.dll" id="0d08e916-3410-49f7-3d25-7f0d682d9ec0">
      <Execution id="d35c3af2-c211-463c-9340-0c1b2a375d27" />
      <TestMethod codeBase="C:/ReferenceMaterial/06 Programming Projects/DojoTimer/ContinousClientIntegration.Business.Tests/bin/Debug/ContinuousClientIntegration.Business.Tests.DLL" adapterTypeName="Microsoft.VisualStudio.TestTools.TestTypes.Unit.UnitTestAdapter, Microsoft.VisualStudio.QualityTools.Tips.UnitTest.Adapter, Version=10.0.0.0, Culture=neutral, PublicKeyToken=b03f5f7f11d50a3a" className="ContinuousClientIntegration.Business.Tests.ContinuousIntegrationClientProcessTests, ContinuousClientIntegration.Business.Tests, Version=1.0.0.0, Culture=neutral, PublicKeyToken=null" name="NoCleanUp" />
    </UnitTest>
  </TestDefinitions>
  <TestLists>
    <TestList name="Results Not in a List" id="8c84fa94-04c1-424b-9868-57a2d4851a1d" />
    <TestList name="All Loaded Results" id="19431567-8539-422a-85d7-44ee4e166bda" />
  </TestLists>
  <TestEntries>
    <TestEntry testId="0d08e916-3410-49f7-3d25-7f0d682d9ec0" executionId="d35c3af2-c211-463c-9340-0c1b2a375d27" testListId="8c84fa94-04c1-424b-9868-57a2d4851a1d" />
  </TestEntries>
  <Results>
    <UnitTestResult executionId="d35c3af2-c211-463c-9340-0c1b2a375d27" testId="0d08e916-3410-49f7-3d25-7f0d682d9ec0" testName="NoCleanUp" computerName="NLCKCBX3J" duration="00:00:00.0225428" startTime="2011-04-12T14:32:29.1135638+02:00" endTime="2011-04-12T14:32:29.5508174+02:00" testType="13cdc9d9-ddb5-4fa4-a97d-d965ccfc6d4b" outcome="Passed" testListId="8c84fa94-04c1-424b-9868-57a2d4851a1d" relativeResultsDirectory="d35c3af2-c211-463c-9340-0c1b2a375d27">
    </UnitTestResult>
  </Results>
</TestRun>