<?xml version="1.0" encoding="UTF-8"?>
<TestRun id="0872b4ff-5c28-4923-9342-dbe6adc264af" name="NL07821@NLCKCBX3J 2011-01-07 22:00:08" runUser="EUROPE\NL07821" xmlns="http://microsoft.com/schemas/VisualStudio/TeamTest/2010">
  <TestSettings name="Local" id="c3caac8b-d538-4b41-b78d-16692feb5f6d">
    <Description>These are default test settings for a local test run.</Description>
    <Deployment enabled="false" runDeploymentRoot="NL07821_NLCKCBX3J 2011-01-07 22_00_08">
      <DeploymentItem filename="C:\ReferenceMaterial\06 Programming Projects\DojoTimer\ContinuousClientIntegration.Business\bin\Debug\ContinuousClientIntegration.Business.dll" />
    </Deployment>
    <Execution>
      <TestTypeSpecific />
      <AgentRule name="Execution Agents">
      </AgentRule>
    </Execution>
  </TestSettings>
  <Times creation="2011-01-07T22:00:08.8437500+01:00" queuing="2011-01-07T22:00:10.6250000+01:00" start="2011-01-07T22:00:10.8125000+01:00" finish="2011-01-07T22:00:34.1250000+01:00" />
  <ResultSummary outcome="Error">
    <Counters total="1" executed="1" error="0" failed="0" timeout="0" aborted="1" inconclusive="0" passedButRunAborted="0" notRunnable="0" notExecuted="0" disconnected="0" warning="0" passed="0" completed="0" inProgress="0" pending="0" />
    <RunInfos>
      <RunInfo computerName="NLCKCBX3J" outcome="Error" timestamp="2011-01-07T22:00:34.1250000+01:00">
        <Text>Test host process exited unexpectedly.</Text>
      </RunInfo>
    </RunInfos>
  </ResultSummary>
  <TestDefinitions>
    <UnitTest name="LogEvent_BuildFailure_AddEvent_EvellntAdded" storage="c:\referencematerial\06 programming projects\dojotimer\continousclientintegration.business.tests\bin\debug\continuousclientintegration.business.tests.dll" id="dcf0bf7f-dffa-fdbd-8860-04903eb8af6a">
      <Execution id="cedc1188-6e03-479e-a381-857d67fea2fd" />
      <TestMethod codeBase="C:/ReferenceMaterial/06 Programming Projects/DojoTimer/ContinousClientIntegration.Business.Tests/bin/Debug/ContinuousClientIntegration.Business.Tests.DLL" adapterTypeName="Microsoft.VisualStudio.TestTools.TestTypes.Unit.UnitTestAdapter, Microsoft.VisualStudio.QualityTools.Tips.UnitTest.Adapter, Version=10.0.0.0, Culture=neutral, PublicKeyToken=b03f5f7f11d50a3a" className="ContinuousClientIntegration.Business.Tests.StatisticsLoggerTests, ContinuousClientIntegration.Business.Tests, Version=1.0.0.0, Culture=neutral, PublicKeyToken=null" name="LogEvent_BuildFailure_AddEvent_EvellntAdded" />
    </UnitTest>
  </TestDefinitions>
  <TestLists>
    <TestList name="Results Not in a List" id="8c84fa94-04c1-424b-9868-57a2d4851a1d" />
    <TestList name="All Loaded Results" id="19431567-8539-422a-85d7-44ee4e166bda" />
  </TestLists>
  <TestEntries>
    <TestEntry testId="dcf0bf7f-dffa-fdbd-8860-04903eb8af6a" executionId="cedc1188-6e03-479e-a381-857d67fea2fd" testListId="8c84fa94-04c1-424b-9868-57a2d4851a1d" />
  </TestEntries>
  <Results>
    <UnitTestResult executionId="cedc1188-6e03-479e-a381-857d67fea2fd" testId="dcf0bf7f-dffa-fdbd-8860-04903eb8af6a" testName="LogEvent_BuildFailure_AddEvent_EvellntAdded" computerName="NLCKCBX3J" duration="00:00:23.1406250" startTime="2011-01-07T22:00:10.9843750+01:00" endTime="2011-01-07T22:00:34.1250000+01:00" testType="13cdc9d9-ddb5-4fa4-a97d-d965ccfc6d4b" outcome="Aborted" testListId="8c84fa94-04c1-424b-9868-57a2d4851a1d" relativeResultsDirectory="cedc1188-6e03-479e-a381-857d67fea2fd">
    </UnitTestResult>
  </Results>
</TestRun>