<?xml version="1.0" encoding="UTF-8"?>
<TestRun id="19606a3c-7601-4f8d-b2ce-fc24b18fe4f6" name="NL07821@NLCKCBX3J 2011-01-07 22:26:21" runUser="EUROPE\NL07821" xmlns="http://microsoft.com/schemas/VisualStudio/TeamTest/2010">
  <TestSettings name="Local" id="c3caac8b-d538-4b41-b78d-16692feb5f6d">
    <Description>These are default test settings for a local test run.</Description>
    <Deployment enabled="false" runDeploymentRoot="NL07821_NLCKCBX3J 2011-01-07 22_26_21">
      <DeploymentItem filename="C:\ReferenceMaterial\06 Programming Projects\DojoTimer\ContinuousClientIntegration.Business\bin\Debug\ContinuousClientIntegration.Business.dll" />
    </Deployment>
    <Execution>
      <TestTypeSpecific />
      <AgentRule name="Execution Agents">
      </AgentRule>
    </Execution>
  </TestSettings>
  <Times creation="2011-01-07T22:26:21.5312500+01:00" queuing="2011-01-07T22:26:21.9218750+01:00" start="2011-01-07T22:26:21.9843750+01:00" finish="2011-01-07T22:26:22.5312500+01:00" />
  <ResultSummary outcome="Completed">
    <Counters total="1" executed="1" passed="1" error="0" failed="0" timeout="0" aborted="0" inconclusive="0" passedButRunAborted="0" notRunnable="0" notExecuted="0" disconnected="0" warning="0" completed="0" inProgress="0" pending="0" />
  </ResultSummary>
  <TestDefinitions>
    <UnitTest name="InterpretTestResults_FailingTest_PropertiesSet" storage="c:\referencematerial\06 programming projects\dojotimer\continousclientintegration.business.tests\bin\debug\continuousclientintegration.business.tests.dll" id="1f8ecec2-a2ae-d753-03ea-8b07a4ac02c4">
      <Execution id="160ec066-81cf-4ff3-ab69-0dcbae6c8611" />
      <TestMethod codeBase="C:/ReferenceMaterial/06 Programming Projects/DojoTimer/ContinousClientIntegration.Business.Tests/bin/Debug/ContinuousClientIntegration.Business.Tests.DLL" adapterTypeName="Microsoft.VisualStudio.TestTools.TestTypes.Unit.UnitTestAdapter, Microsoft.VisualStudio.QualityTools.Tips.UnitTest.Adapter, Version=10.0.0.0, Culture=neutral, PublicKeyToken=b03f5f7f11d50a3a" className="ContinuousClientIntegration.Business.Tests.TestResultsInterpreterTests, ContinuousClientIntegration.Business.Tests, Version=1.0.0.0, Culture=neutral, PublicKeyToken=null" name="InterpretTestResults_FailingTest_PropertiesSet" />
    </UnitTest>
  </TestDefinitions>
  <TestLists>
    <TestList name="Results Not in a List" id="8c84fa94-04c1-424b-9868-57a2d4851a1d" />
    <TestList name="All Loaded Results" id="19431567-8539-422a-85d7-44ee4e166bda" />
  </TestLists>
  <TestEntries>
    <TestEntry testId="1f8ecec2-a2ae-d753-03ea-8b07a4ac02c4" executionId="160ec066-81cf-4ff3-ab69-0dcbae6c8611" testListId="8c84fa94-04c1-424b-9868-57a2d4851a1d" />
  </TestEntries>
  <Results>
    <UnitTestResult executionId="160ec066-81cf-4ff3-ab69-0dcbae6c8611" testId="1f8ecec2-a2ae-d753-03ea-8b07a4ac02c4" testName="InterpretTestResults_FailingTest_PropertiesSet" computerName="NLCKCBX3J" duration="00:00:00.0236150" startTime="2011-01-07T22:26:22.0000000+01:00" endTime="2011-01-07T22:26:22.5000000+01:00" testType="13cdc9d9-ddb5-4fa4-a97d-d965ccfc6d4b" outcome="Passed" testListId="8c84fa94-04c1-424b-9868-57a2d4851a1d" relativeResultsDirectory="160ec066-81cf-4ff3-ab69-0dcbae6c8611">
    </UnitTestResult>
  </Results>
</TestRun>